# JRE version: OpenJDK Runtime Environment Microsoft-8035246 (17.0.8+7) (build 17.0.8+7-LTS)
# Java VM: OpenJDK 64-Bit Server VM Microsoft-8035246 (17.0.8+7-LTS, mixed mode, sharing, tiered, compressed oops, compressed class ptrs, g1 gc, windows-amd64)
GC Precious Log:
 CPUs: 8 total, 8 available
 Memory: 8103M
 Large Page Support: Disabled
 NUMA Support: Disabled
 Compressed Oops: Enabled (32-bit)
 Heap Region Size: 1M
 Heap Min Capacity: 8M
 Heap Initial Capacity: 128M
 Heap Max Capacity: 2G
 Pre-touch: Disabled
 Parallel Workers: 8
 Concurrent Workers: 2
 Concurrent Refinement Workers: 8
 Periodic GC: Disabled
Heap:
 garbage-first heap   total 331776K, used 247608K [0x0000000080000000, 0x0000000100000000)
  region size 1024K, 61 young (62464K), 4 survivors (4096K)
 Metaspace       used 99182K, committed 100352K, reserved 557056K
  class space    used 13913K, committed 14464K, reserved 425984K
GC Heap History (20 events):
Event: 23.655 GC heap before
{Heap before GC invocations=46 (full 0):
 garbage-first heap   total 234496K, used 189072K [0x0000000080000000, 0x0000000100000000)
  region size 1024K, 65 young (66560K), 12 survivors (12288K)
 Metaspace       used 90212K, committed 91200K, reserved 557056K
  class space    used 12677K, committed 13120K, reserved 425984K
}
Event: 23.664 GC heap after
{Heap after GC invocations=47 (full 0):
 garbage-first heap   total 234496K, used 149147K [0x0000000080000000, 0x0000000100000000)
  region size 1024K, 9 young (9216K), 9 survivors (9216K)
 Metaspace       used 90212K, committed 91200K, reserved 557056K
  class space    used 12677K, committed 13120K, reserved 425984K
}
Event: 24.065 GC heap before
{Heap before GC invocations=48 (full 0):
 garbage-first heap   total 258048K, used 187035K [0x0000000080000000, 0x0000000100000000)
  region size 1024K, 46 young (47104K), 9 survivors (9216K)
 Metaspace       used 91365K, committed 92352K, reserved 557056K
  class space    used 12827K, committed 13248K, reserved 425984K
}
Event: 24.072 GC heap after
{Heap after GC invocations=49 (full 0):
 garbage-first heap   total 258048K, used 156482K [0x0000000080000000, 0x0000000100000000)
  region size 1024K, 6 young (6144K), 6 survivors (6144K)
 Metaspace       used 91365K, committed 92352K, reserved 557056K
  class space    used 12827K, committed 13248K, reserved 425984K
}
Event: 24.131 GC heap before
{Heap before GC invocations=49 (full 0):
 garbage-first heap   total 258048K, used 162626K [0x0000000080000000, 0x0000000100000000)
  region size 1024K, 12 young (12288K), 6 survivors (6144K)
 Metaspace       used 91784K, committed 92800K, reserved 557056K
  class space    used 12885K, committed 13312K, reserved 425984K
}
Event: 24.137 GC heap after
{Heap after GC invocations=50 (full 0):
 garbage-first heap   total 258048K, used 157696K [0x0000000080000000, 0x0000000100000000)
  region size 1024K, 1 young (1024K), 1 survivors (1024K)
 Metaspace       used 91784K, committed 92800K, reserved 557056K
  class space    used 12885K, committed 13312K, reserved 425984K
}
Event: 24.645 GC heap before
{Heap before GC invocations=50 (full 0):
 garbage-first heap   total 258048K, used 204800K [0x0000000080000000, 0x0000000100000000)
  region size 1024K, 47 young (48128K), 1 survivors (1024K)
 Metaspace       used 95539K, committed 96640K, reserved 557056K
  class space    used 13437K, committed 13952K, reserved 425984K
}
Event: 24.650 GC heap after
{Heap after GC invocations=51 (full 0):
 garbage-first heap   total 258048K, used 159744K [0x0000000080000000, 0x0000000100000000)
  region size 1024K, 3 young (3072K), 3 survivors (3072K)
 Metaspace       used 95539K, committed 96640K, reserved 557056K
  class space    used 13437K, committed 13952K, reserved 425984K
}
Event: 25.157 GC heap before
{Heap before GC invocations=51 (full 0):
 garbage-first heap   total 258048K, used 208896K [0x0000000080000000, 0x0000000100000000)
  region size 1024K, 51 young (52224K), 3 survivors (3072K)
 Metaspace       used 97083K, committed 98176K, reserved 557056K
  class space    used 13637K, committed 14144K, reserved 425984K
}
Event: 25.163 GC heap after
{Heap after GC invocations=52 (full 0):
 garbage-first heap   total 258048K, used 165513K [0x0000000080000000, 0x0000000100000000)
  region size 1024K, 7 young (7168K), 7 survivors (7168K)
 Metaspace       used 97083K, committed 98176K, reserved 557056K
  class space    used 13637K, committed 14144K, reserved 425984K
}
Event: 25.484 GC heap before
{Heap before GC invocations=52 (full 0):
 garbage-first heap   total 258048K, used 210569K [0x0000000080000000, 0x0000000100000000)
  region size 1024K, 51 young (52224K), 7 survivors (7168K)
 Metaspace       used 97363K, committed 98432K, reserved 557056K
  class space    used 13646K, committed 14144K, reserved 425984K
}
Event: 25.492 GC heap after
{Heap after GC invocations=53 (full 0):
 garbage-first heap   total 258048K, used 170645K [0x0000000080000000, 0x0000000100000000)
  region size 1024K, 5 young (5120K), 5 survivors (5120K)
 Metaspace       used 97363K, committed 98432K, reserved 557056K
  class space    used 13646K, committed 14144K, reserved 425984K
}
Event: 25.909 GC heap before
{Heap before GC invocations=53 (full 0):
 garbage-first heap   total 258048K, used 212629K [0x0000000080000000, 0x0000000100000000)
  region size 1024K, 47 young (48128K), 5 survivors (5120K)
 Metaspace       used 98490K, committed 99584K, reserved 557056K
  class space    used 13850K, committed 14336K, reserved 425984K
}
Event: 25.916 GC heap after
{Heap after GC invocations=54 (full 0):
 garbage-first heap   total 258048K, used 175960K [0x0000000080000000, 0x0000000100000000)
  region size 1024K, 6 young (6144K), 6 survivors (6144K)
 Metaspace       used 98490K, committed 99584K, reserved 557056K
  class space    used 13850K, committed 14336K, reserved 425984K
}
Event: 26.228 GC heap before
{Heap before GC invocations=54 (full 0):
 garbage-first heap   total 258048K, used 213848K [0x0000000080000000, 0x0000000100000000)
  region size 1024K, 44 young (45056K), 6 survivors (6144K)
 Metaspace       used 98766K, committed 99904K, reserved 557056K
  class space    used 13859K, committed 14400K, reserved 425984K
}
Event: 26.233 GC heap after
{Heap after GC invocations=55 (full 0):
 garbage-first heap   total 258048K, used 178389K [0x0000000080000000, 0x0000000100000000)
  region size 1024K, 3 young (3072K), 3 survivors (3072K)
 Metaspace       used 98766K, committed 99904K, reserved 557056K
  class space    used 13859K, committed 14400K, reserved 425984K
}
Event: 26.476 GC heap before
{Heap before GC invocations=55 (full 0):
 garbage-first heap   total 258048K, used 216277K [0x0000000080000000, 0x0000000100000000)
  region size 1024K, 41 young (41984K), 3 survivors (3072K)
 Metaspace       used 99132K, committed 100224K, reserved 557056K
  class space    used 13913K, committed 14464K, reserved 425984K
}
Event: 26.482 GC heap after
{Heap after GC invocations=56 (full 0):
 garbage-first heap   total 258048K, used 183415K [0x0000000080000000, 0x0000000100000000)
  region size 1024K, 6 young (6144K), 6 survivors (6144K)
 Metaspace       used 99132K, committed 100224K, reserved 557056K
  class space    used 13913K, committed 14464K, reserved 425984K
}
Event: 26.630 GC heap before
{Heap before GC invocations=56 (full 0):
 garbage-first heap   total 258048K, used 216183K [0x0000000080000000, 0x0000000100000000)
  region size 1024K, 39 young (39936K), 6 survivors (6144K)
 Metaspace       used 99169K, committed 100352K, reserved 557056K
  class space    used 13913K, committed 14464K, reserved 425984K
}
Event: 26.643 GC heap after
{Heap after GC invocations=57 (full 0):
 garbage-first heap   total 331776K, used 186168K [0x0000000080000000, 0x0000000100000000)
  region size 1024K, 4 young (4096K), 4 survivors (4096K)
 Metaspace       used 99169K, committed 100352K, reserved 557056K
  class space    used 13913K, committed 14464K, reserved 425984K
}

